The system is: Linux - 5.18.17-amd64-desktop-community-hwe - x86_64
Compiling the C compiler identification source file "CMakeCCompilerId.c" succeeded.
Compiler: /usr/bin/x86_64-w64-mingw32-gcc 
Build flags: 
Id flags:  

The output was:
0


Compilation of the C compiler identification source "CMakeCCompilerId.c" produced "a.exe"

The C compiler identification is GNU, found in "/home/AaronLi/Source/Cpp_Workspace/Game_Workspace/cmake-build-mingw/CMakeFiles/3.24.2/CompilerIdC/a.exe"

Compiling the CXX compiler identification source file "CMakeCXXCompilerId.cpp" succeeded.
Compiler: /usr/bin/x86_64-w64-mingw32-g++ 
Build flags: 
Id flags:  

The output was:
0


Compilation of the CXX compiler identification source "CMakeCXXCompilerId.cpp" produced "a.exe"

The CXX compiler identification is GNU, found in "/home/AaronLi/Source/Cpp_Workspace/Game_Workspace/cmake-build-mingw/CMakeFiles/3.24.2/CompilerIdCXX/a.exe"

Determining if the C compiler works passed with the following output:
Change Dir: /home/AaronLi/Source/Cpp_Workspace/Game_Workspace/cmake-build-mingw/CMakeFiles/CMakeTmp

Run Build Command(s):/home/AaronLi/Software/Toolbox/apps/CLion/ch-0/223.8617.54/bin/ninja/linux/x64/ninja cmTC_03e59 && [1/2] Building C object CMakeFiles/cmTC_03e59.dir/testCCompiler.c.o
[2/2] Linking C executable cmTC_03e59



Determining if the CXX compiler works passed with the following output:
Change Dir: /home/AaronLi/Source/Cpp_Workspace/Game_Workspace/cmake-build-mingw/CMakeFiles/CMakeTmp

Run Build Command(s):/home/AaronLi/Software/Toolbox/apps/CLion/ch-0/223.8617.54/bin/ninja/linux/x64/ninja cmTC_4d7b1 && [1/2] Building CXX object CMakeFiles/cmTC_4d7b1.dir/testCXXCompiler.cxx.o
[2/2] Linking CXX executable cmTC_4d7b1



